{"C:\\Users\\Yurão\\Documents\\TesteIntegracao\\src\\app.ts": {"path":"C:\\Users\\Yurão\\Documents\\TesteIntegracao\\src\\app.ts","statementMap":{"0":{"start":{"line":1,"column":0},"end":{"line":1,"column":41}},"1":{"start":{"line":3,"column":0},"end":{"line":3,"column":27}},"2":{"start":{"line":9,"column":6},"end":{"line":9,"column":null}},"3":{"start":{"line":10,"column":6},"end":{"line":10,"column":null}},"4":{"start":{"line":11,"column":6},"end":{"line":11,"column":20}},"5":{"start":{"line":15,"column":8},"end":{"line":15,"column":null}},"6":{"start":{"line":16,"column":8},"end":{"line":16,"column":59}},"7":{"start":{"line":20,"column":25},"end":{"line":20,"column":27}},"8":{"start":{"line":21,"column":8},"end":{"line":23,"column":11}},"9":{"start":{"line":22,"column":12},"end":{"line":22,"column":40}},"10":{"start":{"line":24,"column":8},"end":{"line":39,"column":11}},"11":{"start":{"line":25,"column":46},"end":{"line":25,"column":54}},"12":{"start":{"line":28,"column":23},"end":{"line":28,"column":42}},"13":{"start":{"line":30,"column":25},"end":{"line":35,"column":14}},"14":{"start":{"line":36,"column":12},"end":{"line":36,"column":29}},"15":{"start":{"line":38,"column":12},"end":{"line":38,"column":46}},"16":{"start":{"line":40,"column":8},"end":{"line":42,"column":null}},"17":{"start":{"line":41,"column":12},"end":{"line":41,"column":null}},"18":{"start":{"line":47,"column":8},"end":{"line":47,"column":null}},"19":{"start":{"line":47,"column":35},"end":{"line":47,"column":67}},"20":{"start":{"line":51,"column":8},"end":{"line":51,"column":11}}},"fnMap":{"0":{"name":"(anonymous_1)","decl":{"start":{"line":8,"column":4},"end":{"line":8,"column":null}},"loc":{"start":{"line":8,"column":4},"end":{"line":12,"column":5}}},"1":{"name":"(anonymous_2)","decl":{"start":{"line":14,"column":4},"end":{"line":14,"column":10}},"loc":{"start":{"line":14,"column":10},"end":{"line":17,"column":5}}},"2":{"name":"(anonymous_3)","decl":{"start":{"line":19,"column":4},"end":{"line":19,"column":10}},"loc":{"start":{"line":19,"column":10},"end":{"line":44,"column":5}}},"3":{"name":"(anonymous_4)","decl":{"start":{"line":21,"column":26},"end":{"line":21,"column":27}},"loc":{"start":{"line":21,"column":39},"end":{"line":23,"column":9}}},"4":{"name":"(anonymous_5)","decl":{"start":{"line":24,"column":31},"end":{"line":24,"column":32}},"loc":{"start":{"line":24,"column":44},"end":{"line":39,"column":9}}},"5":{"name":"(anonymous_6)","decl":{"start":{"line":40,"column":31},"end":{"line":40,"column":32}},"loc":{"start":{"line":40,"column":44},"end":{"line":42,"column":9}}},"6":{"name":"(anonymous_7)","decl":{"start":{"line":46,"column":4},"end":{"line":46,"column":10}},"loc":{"start":{"line":46,"column":22},"end":{"line":48,"column":5}}},"7":{"name":"(anonymous_8)","decl":{"start":{"line":47,"column":30},"end":{"line":47,"column":32}},"loc":{"start":{"line":47,"column":35},"end":{"line":47,"column":67}}}},"branchMap":{},"s":{"0":1,"1":1,"2":1,"3":1,"4":1,"5":1,"6":1,"7":1,"8":1,"9":1,"10":1,"11":1,"12":1,"13":1,"14":1,"15":1,"16":1,"17":1,"18":0,"19":0,"20":1},"f":{"0":1,"1":1,"2":1,"3":1,"4":1,"5":1,"6":0,"7":0},"b":{}}
}
