TN:
SF:src\app.ts
FN:8,(anonymous_1)
FN:14,(anonymous_2)
FN:19,(anonymous_3)
FN:21,(anonymous_4)
FN:24,(anonymous_5)
FN:40,(anonymous_6)
FN:46,(anonymous_7)
FN:47,(anonymous_8)
FNF:8
FNH:6
FNDA:1,(anonymous_1)
FNDA:1,(anonymous_2)
FNDA:1,(anonymous_3)
FNDA:1,(anonymous_4)
FNDA:1,(anonymous_5)
FNDA:1,(anonymous_6)
FNDA:0,(anonymous_7)
FNDA:0,(anonymous_8)
DA:1,1
DA:3,1
DA:9,1
DA:10,1
DA:11,1
DA:15,1
DA:16,1
DA:20,1
DA:21,1
DA:22,1
DA:24,1
DA:25,1
DA:28,1
DA:30,1
DA:36,1
DA:38,1
DA:40,1
DA:41,1
DA:47,0
DA:51,1
LF:20
LH:19
BRF:0
BRH:0
end_of_record
